{"meta": {"format": 3, "version": "7.10.7", "timestamp": "2025-09-26T20:01:33.315450", "branch_coverage": false, "show_contexts": false}, "files": {"sigma_nex\\__init__.py": {"executed_lines": [1, 6, 7, 8], "summary": {"covered_lines": 3, "num_statements": 3, "percent_covered": 100.0, "percent_covered_display": "100", "missing_lines": 0, "excluded_lines": 0}, "missing_lines": [], "excluded_lines": [], "functions": {"": {"executed_lines": [1, 6, 7, 8], "summary": {"covered_lines": 3, "num_statements": 3, "percent_covered": 100.0, "percent_covered_display": "100", "missing_lines": 0, "excluded_lines": 0}, "missing_lines": [], "excluded_lines": []}}, "classes": {"": {"executed_lines": [1, 6, 7, 8], "summary": {"covered_lines": 3, "num_statements": 3, "percent_covered": 100.0, "percent_covered_display": "100", "missing_lines": 0, "excluded_lines": 0}, "missing_lines": [], "excluded_lines": []}}}, "sigma_nex\\__main__.py": {"executed_lines": [], "summary": {"covered_lines": 0, "num_statements": 1, "percent_covered": 0.0, "percent_covered_display": "0", "missing_lines": 1, "excluded_lines": 2}, "missing_lines": [5], "excluded_lines": [7, 8], "functions": {"": {"executed_lines": [], "summary": {"covered_lines": 0, "num_statements": 1, "percent_covered": 0.0, "percent_covered_display": "0", "missing_lines": 1, "excluded_lines": 2}, "missing_lines": [5], "excluded_lines": [7, 8]}}, "classes": {"": {"executed_lines": [], "summary": {"covered_lines": 0, "num_statements": 1, "percent_covered": 0.0, "percent_covered_display": "0", "missing_lines": 1, "excluded_lines": 2}, "missing_lines": [5], "excluded_lines": [7, 8]}}}, "sigma_nex\\cli.py": {"executed_lines": [1, 2, 4, 5, 7, 8, 9, 10, 13, 15, 32, 35, 36, 37, 38, 40, 41, 42, 45, 46, 47, 49, 50, 53, 54, 55, 57, 58, 61, 62, 63, 65, 66, 69, 70, 71, 72, 74, 75, 76, 77, 78, 81, 82, 83, 84, 85, 87, 88, 90, 91, 92, 93, 94, 103, 104, 106, 107, 109, 120, 121, 122, 125, 127, 131, 132, 135, 136, 137, 138, 142, 145, 148, 149, 150, 151, 152, 153, 155, 156, 157, 159, 164, 165, 166, 168, 169, 170, 266, 267, 268, 364], "summary": {"covered_lines": 91, "num_statements": 207, "percent_covered": 43.96135265700483, "percent_covered_display": "44", "missing_lines": 116, "excluded_lines": 2}, "missing_lines": [99, 100, 110, 111, 116, 117, 158, 160, 161, 163, 173, 174, 181, 182, 183, 184, 185, 186, 187, 188, 189, 190, 191, 192, 195, 196, 197, 204, 205, 207, 208, 210, 213, 214, 215, 216, 230, 231, 232, 233, 237, 240, 242, 244, 246, 247, 248, 249, 253, 254, 255, 257, 259, 260, 261, 262, 263, 270, 271, 272, 275, 277, 278, 281, 282, 284, 286, 287, 288, 289, 290, 291, 293, 295, 298, 300, 303, 306, 312, 313, 314, 316, 317, 318, 319, 321, 322, 323, 324, 325, 326, 327, 328, 329, 330, 331, 332, 336, 337, 338, 340, 341, 342, 343, 344, 348, 349, 351, 353, 354, 355, 356, 357, 359, 360, 361], "excluded_lines": [364, 365], "functions": {"show_ascii_banner": {"executed_lines": [15, 32], "summary": {"covered_lines": 2, "num_statements": 2, "percent_covered": 100.0, "percent_covered_display": "100", "missing_lines": 0, "excluded_lines": 0}, "missing_lines": [], "excluded_lines": []}, "main": {"executed_lines": [40, 41, 42], "summary": {"covered_lines": 3, "num_statements": 3, "percent_covered": 100.0, "percent_covered_display": "100", "missing_lines": 0, "excluded_lines": 0}, "missing_lines": [], "excluded_lines": []}, "start": {"executed_lines": [49, 50], "summary": {"covered_lines": 2, "num_statements": 2, "percent_covered": 100.0, "percent_covered_display": "100", "missing_lines": 0, "excluded_lines": 0}, "missing_lines": [], "excluded_lines": []}, "load_framework": {"executed_lines": [57, 58], "summary": {"covered_lines": 2, "num_statements": 2, "percent_covered": 100.0, "percent_covered_display": "100", "missing_lines": 0, "excluded_lines": 0}, "missing_lines": [], "excluded_lines": []}, "self_check": {"executed_lines": [65, 66], "summary": {"covered_lines": 2, "num_statements": 2, "percent_covered": 100.0, "percent_covered_display": "100", "missing_lines": 0, "excluded_lines": 0}, "missing_lines": [], "excluded_lines": []}, "self_heal": {"executed_lines": [74, 75, 76, 77, 78], "summary": {"covered_lines": 5, "num_statements": 5, "percent_covered": 100.0, "percent_covered_display": "100", "missing_lines": 0, "excluded_lines": 0}, "missing_lines": [], "excluded_lines": []}, "server": {"executed_lines": [87, 88, 90, 91, 92, 93, 94], "summary": {"covered_lines": 7, "num_statements": 9, "percent_covered": 77.77777777777777, "percent_covered_display": "78", "missing_lines": 2, "excluded_lines": 0}, "missing_lines": [99, 100], "excluded_lines": []}, "gui": {"executed_lines": [106, 107, 109], "summary": {"covered_lines": 3, "num_statements": 7, "percent_covered": 42.857142857142854, "percent_covered_display": "43", "missing_lines": 4, "excluded_lines": 0}, "missing_lines": [110, 111, 116, 117], "excluded_lines": []}, "update": {"executed_lines": [127, 131, 132, 135, 136, 137, 138, 142, 145, 148, 149, 150, 151, 152, 153, 155, 156, 157, 159, 164, 165, 166, 168, 169, 170], "summary": {"covered_lines": 25, "num_statements": 76, "percent_covered": 32.89473684210526, "percent_covered_display": "33", "missing_lines": 51, "excluded_lines": 0}, "missing_lines": [158, 160, 161, 163, 173, 174, 181, 182, 183, 184, 185, 186, 187, 188, 189, 190, 191, 192, 195, 196, 197, 204, 205, 207, 208, 210, 213, 214, 215, 216, 230, 231, 232, 233, 237, 240, 242, 244, 246, 247, 248, 249, 253, 254, 255, 257, 259, 260, 261, 262, 263], "excluded_lines": []}, "install_config": {"executed_lines": [], "summary": {"covered_lines": 0, "num_statements": 59, "percent_covered": 0.0, "percent_covered_display": "0", "missing_lines": 59, "excluded_lines": 0}, "missing_lines": [270, 271, 272, 275, 277, 278, 281, 282, 284, 286, 287, 288, 289, 290, 291, 293, 295, 298, 300, 303, 306, 312, 313, 314, 316, 317, 318, 319, 321, 322, 323, 324, 325, 326, 327, 328, 329, 330, 331, 332, 336, 337, 338, 340, 341, 342, 343, 344, 348, 349, 351, 353, 354, 355, 356, 357, 359, 360, 361], "excluded_lines": []}, "": {"executed_lines": [1, 2, 4, 5, 7, 8, 9, 10, 13, 35, 36, 37, 38, 45, 46, 47, 53, 54, 55, 61, 62, 63, 69, 70, 71, 72, 81, 82, 83, 84, 85, 103, 104, 120, 121, 122, 125, 266, 267, 268, 364], "summary": {"covered_lines": 40, "num_statements": 40, "percent_covered": 100.0, "percent_covered_display": "100", "missing_lines": 0, "excluded_lines": 2}, "missing_lines": [], "excluded_lines": [364, 365]}}, "classes": {"": {"executed_lines": [1, 2, 4, 5, 7, 8, 9, 10, 13, 15, 32, 35, 36, 37, 38, 40, 41, 42, 45, 46, 47, 49, 50, 53, 54, 55, 57, 58, 61, 62, 63, 65, 66, 69, 70, 71, 72, 74, 75, 76, 77, 78, 81, 82, 83, 84, 85, 87, 88, 90, 91, 92, 93, 94, 103, 104, 106, 107, 109, 120, 121, 122, 125, 127, 131, 132, 135, 136, 137, 138, 142, 145, 148, 149, 150, 151, 152, 153, 155, 156, 157, 159, 164, 165, 166, 168, 169, 170, 266, 267, 268, 364], "summary": {"covered_lines": 91, "num_statements": 207, "percent_covered": 43.96135265700483, "percent_covered_display": "44", "missing_lines": 116, "excluded_lines": 2}, "missing_lines": [99, 100, 110, 111, 116, 117, 158, 160, 161, 163, 173, 174, 181, 182, 183, 184, 185, 186, 187, 188, 189, 190, 191, 192, 195, 196, 197, 204, 205, 207, 208, 210, 213, 214, 215, 216, 230, 231, 232, 233, 237, 240, 242, 244, 246, 247, 248, 249, 253, 254, 255, 257, 259, 260, 261, 262, 263, 270, 271, 272, 275, 277, 278, 281, 282, 284, 286, 287, 288, 289, 290, 291, 293, 295, 298, 300, 303, 306, 312, 313, 314, 316, 317, 318, 319, 321, 322, 323, 324, 325, 326, 327, 328, 329, 330, 331, 332, 336, 337, 338, 340, 341, 342, 343, 344, 348, 349, 351, 353, 354, 355, 356, 357, 359, 360, 361], "excluded_lines": [364, 365]}}}, "sigma_nex\\config.py": {"executed_lines": [1, 7, 8, 9, 10, 12, 15, 16, 18, 19, 20, 23, 24, 26, 29, 35, 36, 37, 38, 39, 40, 41, 44, 45, 46, 47, 48, 50, 72, 73, 75, 76, 77, 79, 81, 82, 84, 85, 87, 88, 89, 90, 92, 93, 95, 96, 98, 99, 100, 102, 104, 106, 107, 108, 109, 110, 114, 116, 129, 130, 133, 134, 135, 136, 139, 142, 144, 145, 146, 147, 148, 149, 150, 151, 152, 153, 155, 157, 158, 159, 160, 164, 167, 176, 177, 179, 181, 182, 183, 184, 185, 186, 188, 189, 191, 195, 198, 204, 205, 206, 209, 213, 217, 218, 220, 221, 223, 224, 227, 231, 232, 233, 234, 235, 241, 242], "summary": {"covered_lines": 114, "num_statements": 135, "percent_covered": 84.44444444444444, "percent_covered_display": "84", "missing_lines": 21, "excluded_lines": 0}, "missing_lines": [30, 31, 32, 49, 53, 54, 55, 58, 64, 65, 66, 69, 70, 111, 112, 161, 162, 214, 215, 236, 237], "excluded_lines": [], "functions": {"SigmaConfig.__init__": {"executed_lines": [19, 20, 23, 24], "summary": {"covered_lines": 4, "num_statements": 4, "percent_covered": 100.0, "percent_covered_display": "100", "missing_lines": 0, "excluded_lines": 0}, "missing_lines": [], "excluded_lines": []}, "SigmaConfig._find_project_root": {"executed_lines": [29, 35, 36, 37, 38, 39, 40, 41, 44, 45, 46, 47, 48, 50], "summary": {"covered_lines": 14, "num_statements": 27, "percent_covered": 51.851851851851855, "percent_covered_display": "52", "missing_lines": 13, "excluded_lines": 0}, "missing_lines": [30, 31, 32, 49, 53, 54, 55, 58, 64, 65, 66, 69, 70], "excluded_lines": []}, "SigmaConfig.config": {"executed_lines": [75, 76, 77], "summary": {"covered_lines": 3, "num_statements": 3, "percent_covered": 100.0, "percent_covered_display": "100", "missing_lines": 0, "excluded_lines": 0}, "missing_lines": [], "excluded_lines": []}, "SigmaConfig._load_config": {"executed_lines": [81, 82, 84, 85, 87, 88, 89, 90, 92, 93], "summary": {"covered_lines": 10, "num_statements": 10, "percent_covered": 100.0, "percent_covered_display": "100", "missing_lines": 0, "excluded_lines": 0}, "missing_lines": [], "excluded_lines": []}, "SigmaConfig.framework": {"executed_lines": [98, 99, 100], "summary": {"covered_lines": 3, "num_statements": 3, "percent_covered": 100.0, "percent_covered_display": "100", "missing_lines": 0, "excluded_lines": 0}, "missing_lines": [], "excluded_lines": []}, "SigmaConfig._load_framework": {"executed_lines": [104, 106, 107, 108, 109, 110], "summary": {"covered_lines": 6, "num_statements": 8, "percent_covered": 75.0, "percent_covered_display": "75", "missing_lines": 2, "excluded_lines": 0}, "missing_lines": [111, 112], "excluded_lines": []}, "SigmaConfig.get_path": {"executed_lines": [116, 129, 130, 133, 134, 135, 136, 139], "summary": {"covered_lines": 8, "num_statements": 8, "percent_covered": 100.0, "percent_covered_display": "100", "missing_lines": 0, "excluded_lines": 0}, "missing_lines": [], "excluded_lines": []}, "SigmaConfig.set": {"executed_lines": [144, 145, 146, 147, 148, 149, 150, 151, 152, 153], "summary": {"covered_lines": 10, "num_statements": 10, "percent_covered": 100.0, "percent_covered_display": "100", "missing_lines": 0, "excluded_lines": 0}, "missing_lines": [], "excluded_lines": []}, "SigmaConfig.save": {"executed_lines": [157, 158, 159, 160], "summary": {"covered_lines": 4, "num_statements": 6, "percent_covered": 66.66666666666667, "percent_covered_display": "67", "missing_lines": 2, "excluded_lines": 0}, "missing_lines": [161, 162], "excluded_lines": []}, "SigmaConfig.get": {"executed_lines": [167, 176, 177, 179, 181, 182, 183, 184, 185, 186, 188, 189, 191], "summary": {"covered_lines": 13, "num_statements": 13, "percent_covered": 100.0, "percent_covered_display": "100", "missing_lines": 0, "excluded_lines": 0}, "missing_lines": [], "excluded_lines": []}, "get_config": {"executed_lines": [204, 205, 206], "summary": {"covered_lines": 3, "num_statements": 3, "percent_covered": 100.0, "percent_covered_display": "100", "missing_lines": 0, "excluded_lines": 0}, "missing_lines": [], "excluded_lines": []}, "load_config": {"executed_lines": [213, 217, 218, 220, 221, 223, 224, 227, 231, 232, 233, 234, 235, 241, 242], "summary": {"covered_lines": 15, "num_statements": 19, "percent_covered": 78.94736842105263, "percent_covered_display": "79", "missing_lines": 4, "excluded_lines": 0}, "missing_lines": [214, 215, 236, 237], "excluded_lines": []}, "": {"executed_lines": [1, 7, 8, 9, 10, 12, 15, 16, 18, 26, 72, 73, 79, 95, 96, 102, 114, 142, 155, 164, 195, 198, 209], "summary": {"covered_lines": 21, "num_statements": 21, "percent_covered": 100.0, "percent_covered_display": "100", "missing_lines": 0, "excluded_lines": 0}, "missing_lines": [], "excluded_lines": []}}, "classes": {"SigmaConfig": {"executed_lines": [19, 20, 23, 24, 29, 35, 36, 37, 38, 39, 40, 41, 44, 45, 46, 47, 48, 50, 75, 76, 77, 81, 82, 84, 85, 87, 88, 89, 90, 92, 93, 98, 99, 100, 104, 106, 107, 108, 109, 110, 116, 129, 130, 133, 134, 135, 136, 139, 144, 145, 146, 147, 148, 149, 150, 151, 152, 153, 157, 158, 159, 160, 167, 176, 177, 179, 181, 182, 183, 184, 185, 186, 188, 189, 191], "summary": {"covered_lines": 75, "num_statements": 92, "percent_covered": 81.52173913043478, "percent_covered_display": "82", "missing_lines": 17, "excluded_lines": 0}, "missing_lines": [30, 31, 32, 49, 53, 54, 55, 58, 64, 65, 66, 69, 70, 111, 112, 161, 162], "excluded_lines": []}, "": {"executed_lines": [1, 7, 8, 9, 10, 12, 15, 16, 18, 26, 72, 73, 79, 95, 96, 102, 114, 142, 155, 164, 195, 198, 204, 205, 206, 209, 213, 217, 218, 220, 221, 223, 224, 227, 231, 232, 233, 234, 235, 241, 242], "summary": {"covered_lines": 39, "num_statements": 43, "percent_covered": 90.69767441860465, "percent_covered_display": "91", "missing_lines": 4, "excluded_lines": 0}, "missing_lines": [214, 215, 236, 237], "excluded_lines": []}}}, "sigma_nex\\core\\__init__.py": {"executed_lines": [0], "summary": {"covered_lines": 0, "num_statements": 0, "percent_covered": 100.0, "percent_covered_display": "100", "missing_lines": 0, "excluded_lines": 0}, "missing_lines": [], "excluded_lines": [], "functions": {"": {"executed_lines": [], "summary": {"covered_lines": 0, "num_statements": 0, "percent_covered": 100.0, "percent_covered_display": "100", "missing_lines": 0, "excluded_lines": 0}, "missing_lines": [], "excluded_lines": []}}, "classes": {"": {"executed_lines": [], "summary": {"covered_lines": 0, "num_statements": 0, "percent_covered": 100.0, "percent_covered_display": "100", "missing_lines": 0, "excluded_lines": 0}, "missing_lines": [], "excluded_lines": []}}}, "sigma_nex\\core\\context.py": {"executed_lines": [2, 15, 16, 18, 19, 21, 22, 23, 25, 26, 27, 28, 29, 30, 31, 33, 36, 39, 40, 42], "summary": {"covered_lines": 20, "num_statements": 20, "percent_covered": 100.0, "percent_covered_display": "100", "missing_lines": 0, "excluded_lines": 0}, "missing_lines": [], "excluded_lines": [], "functions": {"build_prompt": {"executed_lines": [15, 16, 18, 19, 21, 22, 23, 25, 26, 27, 28, 29, 30, 31, 33, 36, 39, 40, 42], "summary": {"covered_lines": 19, "num_statements": 19, "percent_covered": 100.0, "percent_covered_display": "100", "missing_lines": 0, "excluded_lines": 0}, "missing_lines": [], "excluded_lines": []}, "": {"executed_lines": [2], "summary": {"covered_lines": 1, "num_statements": 1, "percent_covered": 100.0, "percent_covered_display": "100", "missing_lines": 0, "excluded_lines": 0}, "missing_lines": [], "excluded_lines": []}}, "classes": {"": {"executed_lines": [2, 15, 16, 18, 19, 21, 22, 23, 25, 26, 27, 28, 29, 30, 31, 33, 36, 39, 40, 42], "summary": {"covered_lines": 20, "num_statements": 20, "percent_covered": 100.0, "percent_covered_display": "100", "missing_lines": 0, "excluded_lines": 0}, "missing_lines": [], "excluded_lines": []}}}, "sigma_nex\\core\\retriever.py": {"executed_lines": [2, 3, 4, 7, 8, 12, 13, 18, 21, 22, 25, 36, 38, 41, 49, 50, 52, 54, 55, 56, 59, 60, 62, 63, 65, 66, 67, 68, 70, 71, 72, 74, 76, 77, 80, 81, 83, 91, 92, 94, 96, 107, 110, 114, 115, 116, 117, 118, 119, 120, 123, 128, 129, 130, 131, 133, 135, 136, 137, 138, 139, 140, 142, 143, 144, 146, 147, 148, 150, 151, 153, 156, 161, 162, 163, 164, 166, 167, 169, 170, 171, 174, 175, 176, 178, 180, 181, 182], "summary": {"covered_lines": 87, "num_statements": 87, "percent_covered": 100.0, "percent_covered_display": "100", "missing_lines": 0, "excluded_lines": 4}, "missing_lines": [], "excluded_lines": [9, 10, 14, 15], "functions": {"_get_model": {"executed_lines": [49, 50, 52, 54, 55, 62, 63, 65, 66, 67, 68, 70, 71, 72, 74, 76, 77], "summary": {"covered_lines": 17, "num_statements": 17, "percent_covered": 100.0, "percent_covered_display": "100", "missing_lines": 0, "excluded_lines": 0}, "missing_lines": [], "excluded_lines": []}, "_get_model._Stub.encode": {"executed_lines": [56, 59, 60], "summary": {"covered_lines": 3, "num_statements": 3, "percent_covered": 100.0, "percent_covered_display": "100", "missing_lines": 0, "excluded_lines": 0}, "missing_lines": [], "excluded_lines": []}, "Retriever.__init__": {"executed_lines": [91, 92, 94], "summary": {"covered_lines": 3, "num_statements": 3, "percent_covered": 100.0, "percent_covered_display": "100", "missing_lines": 0, "excluded_lines": 0}, "missing_lines": [], "excluded_lines": []}, "Retriever.search": {"executed_lines": [107], "summary": {"covered_lines": 1, "num_statements": 1, "percent_covered": 100.0, "percent_covered_display": "100", "missing_lines": 0, "excluded_lines": 0}, "missing_lines": [], "excluded_lines": []}, "get_moduli": {"executed_lines": [114, 115, 116, 117, 118, 119, 120], "summary": {"covered_lines": 7, "num_statements": 7, "percent_covered": 100.0, "percent_covered_display": "100", "missing_lines": 0, "excluded_lines": 0}, "missing_lines": [], "excluded_lines": []}, "build_index": {"executed_lines": [128, 129, 130, 131, 133, 135, 136, 137, 138, 139, 140, 142, 143, 144, 146, 147, 148, 150, 151, 153], "summary": {"covered_lines": 20, "num_statements": 20, "percent_covered": 100.0, "percent_covered_display": "100", "missing_lines": 0, "excluded_lines": 0}, "missing_lines": [], "excluded_lines": []}, "search_moduli": {"executed_lines": [161, 162, 163, 164, 166, 167, 169, 170, 171, 174, 175, 176, 178, 180, 181, 182], "summary": {"covered_lines": 16, "num_statements": 16, "percent_covered": 100.0, "percent_covered_display": "100", "missing_lines": 0, "excluded_lines": 0}, "missing_lines": [], "excluded_lines": []}, "": {"executed_lines": [2, 3, 4, 7, 8, 12, 13, 18, 21, 22, 25, 36, 38, 41, 80, 81, 83, 96, 110, 123, 156], "summary": {"covered_lines": 20, "num_statements": 20, "percent_covered": 100.0, "percent_covered_display": "100", "missing_lines": 0, "excluded_lines": 4}, "missing_lines": [], "excluded_lines": [9, 10, 14, 15]}}, "classes": {"_get_model._Stub": {"executed_lines": [56, 59, 60], "summary": {"covered_lines": 3, "num_statements": 3, "percent_covered": 100.0, "percent_covered_display": "100", "missing_lines": 0, "excluded_lines": 0}, "missing_lines": [], "excluded_lines": []}, "Retriever": {"executed_lines": [91, 92, 94, 107], "summary": {"covered_lines": 4, "num_statements": 4, "percent_covered": 100.0, "percent_covered_display": "100", "missing_lines": 0, "excluded_lines": 0}, "missing_lines": [], "excluded_lines": []}, "": {"executed_lines": [2, 3, 4, 7, 8, 12, 13, 18, 21, 22, 25, 36, 38, 41, 49, 50, 52, 54, 55, 62, 63, 65, 66, 67, 68, 70, 71, 72, 74, 76, 77, 80, 81, 83, 96, 110, 114, 115, 116, 117, 118, 119, 120, 123, 128, 129, 130, 131, 133, 135, 136, 137, 138, 139, 140, 142, 143, 144, 146, 147, 148, 150, 151, 153, 156, 161, 162, 163, 164, 166, 167, 169, 170, 171, 174, 175, 176, 178, 180, 181, 182], "summary": {"covered_lines": 80, "num_statements": 80, "percent_covered": 100.0, "percent_covered_display": "100", "missing_lines": 0, "excluded_lines": 4}, "missing_lines": [], "excluded_lines": [9, 10, 14, 15]}}}, "sigma_nex\\core\\runner.py": {"executed_lines": [1, 7, 8, 9, 10, 11, 12, 13, 14, 15, 16, 18, 19, 20, 22, 28, 29, 32, 35, 36, 41, 42, 46, 65, 67, 70, 71, 73, 76, 77, 78, 83, 86, 89, 91, 93, 94, 96, 97, 98, 99, 104, 107, 108, 109, 112, 115, 118, 122, 125, 127, 130, 131, 132, 135, 137, 138, 146, 148, 151, 152, 153, 154, 155, 160, 162, 163, 164, 165, 166, 169, 170, 171, 172, 174, 176, 178, 179, 180, 181, 182, 184, 186, 187, 188, 189, 190, 192, 193, 194, 195, 196, 197, 198, 199, 200, 204, 205, 207, 208, 210, 212, 213, 214, 215, 216, 217, 218, 219, 220, 226, 228, 229, 230, 233, 238, 239, 241, 242, 243, 244, 246, 247, 251, 252, 255, 256, 257, 259, 261, 263, 270, 271, 272, 275, 276, 277, 279, 280, 283, 284, 286, 288, 290, 291, 292, 293, 294, 298, 300, 301, 303, 305, 316, 318, 319, 320, 322, 333, 335, 336, 338, 340, 341, 343, 345, 347, 348, 349, 350, 351, 353, 357, 359, 362, 363, 366, 367, 368, 369, 373, 374, 375, 376, 378, 388, 390, 394, 397, 398, 400, 408, 410, 411, 412, 414, 416, 417, 418, 419, 421, 423, 425, 427, 429, 431, 433, 435, 436, 437, 438, 441, 443, 444, 445, 447, 450, 452, 454, 456, 458, 459, 461, 471, 473], "summary": {"covered_lines": 223, "num_statements": 255, "percent_covered": 87.45098039215686, "percent_covered_display": "87", "missing_lines": 32, "excluded_lines": 0}, "missing_lines": [38, 100, 101, 102, 110, 111, 113, 114, 116, 117, 119, 120, 123, 140, 141, 142, 143, 201, 202, 248, 249, 281, 282, 295, 296, 354, 355, 360, 361, 371, 372, 395], "excluded_lines": [], "functions": {"Runner.__init__": {"executed_lines": [65, 67, 70, 71, 73, 76, 77, 78, 83, 86, 89], "summary": {"covered_lines": 11, "num_statements": 11, "percent_covered": 100.0, "percent_covered_display": "100", "missing_lines": 0, "excluded_lines": 0}, "missing_lines": [], "excluded_lines": []}, "Runner.interactive": {"executed_lines": [93, 94, 96, 97, 98, 99, 104, 107, 108, 109, 112, 115, 118, 122, 125, 127, 130, 131, 132, 135, 137, 138, 146], "summary": {"covered_lines": 23, "num_statements": 39, "percent_covered": 58.97435897435897, "percent_covered_display": "59", "missing_lines": 16, "excluded_lines": 0}, "missing_lines": [100, 101, 102, 110, 111, 113, 114, 116, 117, 119, 120, 123, 140, 141, 142, 143], "excluded_lines": []}, "Runner._process_query": {"executed_lines": [151, 152, 153, 154, 155, 160, 162, 163, 164, 165, 166, 169, 170, 171, 172, 174], "summary": {"covered_lines": 16, "num_statements": 16, "percent_covered": 100.0, "percent_covered_display": "100", "missing_lines": 0, "excluded_lines": 0}, "missing_lines": [], "excluded_lines": []}, "Runner._send_with_progress": {"executed_lines": [178, 179, 180, 181, 182, 184, 207, 208, 210, 212, 213, 214, 215, 216, 217, 218, 219, 220, 226, 228, 229, 230, 233, 238, 239, 241, 242, 243, 244, 246, 247, 251, 252, 255, 256, 257, 259, 261], "summary": {"covered_lines": 38, "num_statements": 40, "percent_covered": 95.0, "percent_covered_display": "95", "missing_lines": 2, "excluded_lines": 0}, "missing_lines": [248, 249], "excluded_lines": []}, "Runner._send_with_progress.progress_bar": {"executed_lines": [186, 187, 188, 189, 190, 192, 193, 194, 195, 196, 197, 198, 199, 200, 204, 205], "summary": {"covered_lines": 16, "num_statements": 18, "percent_covered": 88.88888888888889, "percent_covered_display": "89", "missing_lines": 2, "excluded_lines": 0}, "missing_lines": [201, 202], "excluded_lines": []}, "Runner._call_model": {"executed_lines": [270, 271, 272, 275, 276, 277, 279, 280, 283, 284, 286], "summary": {"covered_lines": 11, "num_statements": 13, "percent_covered": 84.61538461538461, "percent_covered_display": "85", "missing_lines": 2, "excluded_lines": 0}, "missing_lines": [281, 282], "excluded_lines": []}, "Runner._cleanup_temp_file": {"executed_lines": [290, 291, 292, 293, 294], "summary": {"covered_lines": 5, "num_statements": 7, "percent_covered": 71.42857142857143, "percent_covered_display": "71", "missing_lines": 2, "excluded_lines": 0}, "missing_lines": [295, 296], "excluded_lines": []}, "Runner._cleanup": {"executed_lines": [300, 301], "summary": {"covered_lines": 2, "num_statements": 2, "percent_covered": 100.0, "percent_covered_display": "100", "missing_lines": 0, "excluded_lines": 0}, "missing_lines": [], "excluded_lines": []}, "Runner._show_help": {"executed_lines": [305], "summary": {"covered_lines": 1, "num_statements": 1, "percent_covered": 100.0, "percent_covered_display": "100", "missing_lines": 0, "excluded_lines": 0}, "missing_lines": [], "excluded_lines": []}, "Runner._show_stats": {"executed_lines": [318, 319, 320, 322], "summary": {"covered_lines": 4, "num_statements": 4, "percent_covered": 100.0, "percent_covered_display": "100", "missing_lines": 0, "excluded_lines": 0}, "missing_lines": [], "excluded_lines": []}, "Runner._clear_history": {"executed_lines": [335, 336], "summary": {"covered_lines": 2, "num_statements": 2, "percent_covered": 100.0, "percent_covered_display": "100", "missing_lines": 0, "excluded_lines": 0}, "missing_lines": [], "excluded_lines": []}, "Runner._export_history": {"executed_lines": [340, 341, 343, 345, 347, 348, 349, 350, 351, 353], "summary": {"covered_lines": 10, "num_statements": 12, "percent_covered": 83.33333333333333, "percent_covered_display": "83", "missing_lines": 2, "excluded_lines": 0}, "missing_lines": [354, 355], "excluded_lines": []}, "Runner.self_check": {"executed_lines": [359, 362, 363, 366, 367, 368, 369, 373, 374, 375, 376], "summary": {"covered_lines": 11, "num_statements": 15, "percent_covered": 73.33333333333333, "percent_covered_display": "73", "missing_lines": 4, "excluded_lines": 0}, "missing_lines": [360, 361, 371, 372], "excluded_lines": []}, "Runner.self_heal_file": {"executed_lines": [388, 390, 394, 397, 398, 400, 408, 410, 411, 412, 414, 416, 417, 418, 419], "summary": {"covered_lines": 15, "num_statements": 16, "percent_covered": 93.75, "percent_covered_display": "94", "missing_lines": 1, "excluded_lines": 0}, "missing_lines": [395], "excluded_lines": []}, "Runner.add_to_history": {"executed_lines": [423], "summary": {"covered_lines": 1, "num_statements": 1, "percent_covered": 100.0, "percent_covered_display": "100", "missing_lines": 0, "excluded_lines": 0}, "missing_lines": [], "excluded_lines": []}, "Runner.get_history_context": {"executed_lines": [427], "summary": {"covered_lines": 1, "num_statements": 1, "percent_covered": 100.0, "percent_covered_display": "100", "missing_lines": 0, "excluded_lines": 0}, "missing_lines": [], "excluded_lines": []}, "Runner.clear_history": {"executed_lines": [431], "summary": {"covered_lines": 1, "num_statements": 1, "percent_covered": 100.0, "percent_covered_display": "100", "missing_lines": 0, "excluded_lines": 0}, "missing_lines": [], "excluded_lines": []}, "Runner.process_query": {"executed_lines": [435, 436, 437, 438, 441, 443, 444, 445], "summary": {"covered_lines": 8, "num_statements": 8, "percent_covered": 100.0, "percent_covered_display": "100", "missing_lines": 0, "excluded_lines": 0}, "missing_lines": [], "excluded_lines": []}, "Runner.register_temp_file": {"executed_lines": [450], "summary": {"covered_lines": 1, "num_statements": 1, "percent_covered": 100.0, "percent_covered_display": "100", "missing_lines": 0, "excluded_lines": 0}, "missing_lines": [], "excluded_lines": []}, "Runner.cleanup_temp_files": {"executed_lines": [454], "summary": {"covered_lines": 1, "num_statements": 1, "percent_covered": 100.0, "percent_covered_display": "100", "missing_lines": 0, "excluded_lines": 0}, "missing_lines": [], "excluded_lines": []}, "Runner.get_performance_stats": {"executed_lines": [458, 459, 461], "summary": {"covered_lines": 3, "num_statements": 3, "percent_covered": 100.0, "percent_covered_display": "100", "missing_lines": 0, "excluded_lines": 0}, "missing_lines": [], "excluded_lines": []}, "Runner.__del__": {"executed_lines": [473], "summary": {"covered_lines": 1, "num_statements": 1, "percent_covered": 100.0, "percent_covered_display": "100", "missing_lines": 0, "excluded_lines": 0}, "missing_lines": [], "excluded_lines": []}, "": {"executed_lines": [1, 7, 8, 9, 10, 11, 12, 13, 14, 15, 16, 18, 19, 20, 22, 28, 29, 32, 35, 36, 41, 42, 46, 91, 148, 176, 263, 288, 298, 303, 316, 333, 338, 357, 378, 421, 425, 429, 433, 447, 452, 456, 471], "summary": {"covered_lines": 41, "num_statements": 42, "percent_covered": 97.61904761904762, "percent_covered_display": "98", "missing_lines": 1, "excluded_lines": 0}, "missing_lines": [38], "excluded_lines": []}}, "classes": {"Runner": {"executed_lines": [65, 67, 70, 71, 73, 76, 77, 78, 83, 86, 89, 93, 94, 96, 97, 98, 99, 104, 107, 108, 109, 112, 115, 118, 122, 125, 127, 130, 131, 132, 135, 137, 138, 146, 151, 152, 153, 154, 155, 160, 162, 163, 164, 165, 166, 169, 170, 171, 172, 174, 178, 179, 180, 181, 182, 184, 186, 187, 188, 189, 190, 192, 193, 194, 195, 196, 197, 198, 199, 200, 204, 205, 207, 208, 210, 212, 213, 214, 215, 216, 217, 218, 219, 220, 226, 228, 229, 230, 233, 238, 239, 241, 242, 243, 244, 246, 247, 251, 252, 255, 256, 257, 259, 261, 270, 271, 272, 275, 276, 277, 279, 280, 283, 284, 286, 290, 291, 292, 293, 294, 300, 301, 305, 318, 319, 320, 322, 335, 336, 340, 341, 343, 345, 347, 348, 349, 350, 351, 353, 359, 362, 363, 366, 367, 368, 369, 373, 374, 375, 376, 388, 390, 394, 397, 398, 400, 408, 410, 411, 412, 414, 416, 417, 418, 419, 423, 427, 431, 435, 436, 437, 438, 441, 443, 444, 445, 450, 454, 458, 459, 461, 473], "summary": {"covered_lines": 182, "num_statements": 213, "percent_covered": 85.44600938967136, "percent_covered_display": "85", "missing_lines": 31, "excluded_lines": 0}, "missing_lines": [100, 101, 102, 110, 111, 113, 114, 116, 117, 119, 120, 123, 140, 141, 142, 143, 201, 202, 248, 249, 281, 282, 295, 296, 354, 355, 360, 361, 371, 372, 395], "excluded_lines": []}, "": {"executed_lines": [1, 7, 8, 9, 10, 11, 12, 13, 14, 15, 16, 18, 19, 20, 22, 28, 29, 32, 35, 36, 41, 42, 46, 91, 148, 176, 263, 288, 298, 303, 316, 333, 338, 357, 378, 421, 425, 429, 433, 447, 452, 456, 471], "summary": {"covered_lines": 41, "num_statements": 42, "percent_covered": 97.61904761904762, "percent_covered_display": "98", "missing_lines": 1, "excluded_lines": 0}, "missing_lines": [38], "excluded_lines": []}}}, "sigma_nex\\core\\translate.py": {"executed_lines": [1, 7, 8, 9, 10, 11, 14, 15, 16, 19, 21, 27, 31, 32, 33, 34, 35, 36, 37, 38, 39, 41, 44, 46, 48, 49, 51, 53, 57, 58, 61, 67, 68, 71, 72, 73, 77, 78, 79, 81, 82, 83, 84, 85, 86, 87, 88, 89, 90, 91, 93, 96, 110, 111, 112, 114, 115, 116, 117, 118, 123, 125, 126, 132, 133, 136, 137, 138, 139, 140, 143, 144, 145, 147, 150, 152, 153, 155, 156, 157, 158, 160, 162, 164, 165, 166, 167, 169, 170, 171, 172, 175, 177, 178, 180, 181, 182, 183, 185, 187, 188, 189, 190, 191, 193, 194, 195, 196, 199, 201, 204, 206, 207, 209, 210, 211, 212], "summary": {"covered_lines": 116, "num_statements": 128, "percent_covered": 90.625, "percent_covered_display": "91", "missing_lines": 12, "excluded_lines": 0}, "missing_lines": [22, 24, 74, 75, 120, 121, 122, 128, 129, 130, 141, 142], "excluded_lines": [], "functions": {"_check_transformers": {"executed_lines": [31, 32, 33, 34, 35, 36, 37, 38, 39, 41], "summary": {"covered_lines": 10, "num_statements": 10, "percent_covered": 100.0, "percent_covered_display": "100", "missing_lines": 0, "excluded_lines": 0}, "missing_lines": [], "excluded_lines": []}, "_get_model_paths": {"executed_lines": [46, 48, 49, 51, 53], "summary": {"covered_lines": 5, "num_statements": 5, "percent_covered": 100.0, "percent_covered_display": "100", "missing_lines": 0, "excluded_lines": 0}, "missing_lines": [], "excluded_lines": []}, "_load_model": {"executed_lines": [67, 68, 71, 72, 73, 77, 78, 79, 81, 82, 83, 84, 85, 86, 87, 88, 89, 90, 91, 93], "summary": {"covered_lines": 20, "num_statements": 22, "percent_covered": 90.9090909090909, "percent_covered_display": "91", "missing_lines": 2, "excluded_lines": 0}, "missing_lines": [74, 75], "excluded_lines": []}, "_chunk_translate": {"executed_lines": [110, 111, 112, 114, 115, 116, 117, 118, 123, 125, 126, 132, 133, 136, 137, 138, 139, 140, 143, 144, 145, 147], "summary": {"covered_lines": 22, "num_statements": 30, "percent_covered": 73.33333333333333, "percent_covered_display": "73", "missing_lines": 8, "excluded_lines": 0}, "missing_lines": [120, 121, 122, 128, 129, 130, 141, 142], "excluded_lines": []}, "translate_it_to_en": {"executed_lines": [152, 153, 155, 156, 157, 158, 160, 162, 164, 165, 166, 167, 169, 170, 171, 172], "summary": {"covered_lines": 16, "num_statements": 16, "percent_covered": 100.0, "percent_covered_display": "100", "missing_lines": 0, "excluded_lines": 0}, "missing_lines": [], "excluded_lines": []}, "translate_en_to_it": {"executed_lines": [177, 178, 180, 181, 182, 183, 185, 187, 188, 189, 190, 191, 193, 194, 195, 196], "summary": {"covered_lines": 16, "num_statements": 16, "percent_covered": 100.0, "percent_covered_display": "100", "missing_lines": 0, "excluded_lines": 0}, "missing_lines": [], "excluded_lines": []}, "is_translation_available": {"executed_lines": [201], "summary": {"covered_lines": 1, "num_statements": 1, "percent_covered": 100.0, "percent_covered_display": "100", "missing_lines": 0, "excluded_lines": 0}, "missing_lines": [], "excluded_lines": []}, "preload_models": {"executed_lines": [206, 207, 209, 210, 211, 212], "summary": {"covered_lines": 6, "num_statements": 6, "percent_covered": 100.0, "percent_covered_display": "100", "missing_lines": 0, "excluded_lines": 0}, "missing_lines": [], "excluded_lines": []}, "": {"executed_lines": [1, 7, 8, 9, 10, 11, 14, 15, 16, 19, 21, 27, 44, 57, 58, 61, 96, 150, 175, 199, 204], "summary": {"covered_lines": 20, "num_statements": 22, "percent_covered": 90.9090909090909, "percent_covered_display": "91", "missing_lines": 2, "excluded_lines": 0}, "missing_lines": [22, 24], "excluded_lines": []}}, "classes": {"": {"executed_lines": [1, 7, 8, 9, 10, 11, 14, 15, 16, 19, 21, 27, 31, 32, 33, 34, 35, 36, 37, 38, 39, 41, 44, 46, 48, 49, 51, 53, 57, 58, 61, 67, 68, 71, 72, 73, 77, 78, 79, 81, 82, 83, 84, 85, 86, 87, 88, 89, 90, 91, 93, 96, 110, 111, 112, 114, 115, 116, 117, 118, 123, 125, 126, 132, 133, 136, 137, 138, 139, 140, 143, 144, 145, 147, 150, 152, 153, 155, 156, 157, 158, 160, 162, 164, 165, 166, 167, 169, 170, 171, 172, 175, 177, 178, 180, 181, 182, 183, 185, 187, 188, 189, 190, 191, 193, 194, 195, 196, 199, 201, 204, 206, 207, 209, 210, 211, 212], "summary": {"covered_lines": 116, "num_statements": 128, "percent_covered": 90.625, "percent_covered_display": "91", "missing_lines": 12, "excluded_lines": 0}, "missing_lines": [22, 24, 74, 75, 120, 121, 122, 128, 129, 130, 141, 142], "excluded_lines": []}}}, "sigma_nex\\data_loader.py": {"executed_lines": [1, 3, 6, 7, 14, 25, 27, 28, 31, 34, 36, 38, 40, 41, 44, 49, 50, 51, 52, 53, 54, 55], "summary": {"covered_lines": 21, "num_statements": 21, "percent_covered": 100.0, "percent_covered_display": "100", "missing_lines": 0, "excluded_lines": 0}, "missing_lines": [], "excluded_lines": [], "functions": {"DataLoader.load": {"executed_lines": [25, 27, 28, 31, 34, 36, 38, 40, 41], "summary": {"covered_lines": 9, "num_statements": 9, "percent_covered": 100.0, "percent_covered_display": "100", "missing_lines": 0, "excluded_lines": 0}, "missing_lines": [], "excluded_lines": []}, "load_json_data": {"executed_lines": [49, 50, 51, 52, 53, 54, 55], "summary": {"covered_lines": 7, "num_statements": 7, "percent_covered": 100.0, "percent_covered_display": "100", "missing_lines": 0, "excluded_lines": 0}, "missing_lines": [], "excluded_lines": []}, "": {"executed_lines": [1, 3, 6, 7, 14, 44], "summary": {"covered_lines": 5, "num_statements": 5, "percent_covered": 100.0, "percent_covered_display": "100", "missing_lines": 0, "excluded_lines": 0}, "missing_lines": [], "excluded_lines": []}}, "classes": {"DataLoader": {"executed_lines": [25, 27, 28, 31, 34, 36, 38, 40, 41], "summary": {"covered_lines": 9, "num_statements": 9, "percent_covered": 100.0, "percent_covered_display": "100", "missing_lines": 0, "excluded_lines": 0}, "missing_lines": [], "excluded_lines": []}, "": {"executed_lines": [1, 3, 6, 7, 14, 44, 49, 50, 51, 52, 53, 54, 55], "summary": {"covered_lines": 12, "num_statements": 12, "percent_covered": 100.0, "percent_covered_display": "100", "missing_lines": 0, "excluded_lines": 0}, "missing_lines": [], "excluded_lines": []}}}, "sigma_nex\\gui\\__init__.py": {"executed_lines": [1, 8, 16, 19], "summary": {"covered_lines": 2, "num_statements": 5, "percent_covered": 40.0, "percent_covered_display": "40", "missing_lines": 3, "excluded_lines": 2}, "missing_lines": [10, 11, 13], "excluded_lines": [19, 20], "functions": {"main": {"executed_lines": [], "summary": {"covered_lines": 0, "num_statements": 3, "percent_covered": 0.0, "percent_covered_display": "0", "missing_lines": 3, "excluded_lines": 0}, "missing_lines": [10, 11, 13], "excluded_lines": []}, "": {"executed_lines": [1, 8, 16, 19], "summary": {"covered_lines": 2, "num_statements": 2, "percent_covered": 100.0, "percent_covered_display": "100", "missing_lines": 0, "excluded_lines": 2}, "missing_lines": [], "excluded_lines": [19, 20]}}, "classes": {"": {"executed_lines": [1, 8, 16, 19], "summary": {"covered_lines": 2, "num_statements": 5, "percent_covered": 40.0, "percent_covered_display": "40", "missing_lines": 3, "excluded_lines": 2}, "missing_lines": [10, 11, 13], "excluded_lines": [19, 20]}}}, "sigma_nex\\gui\\main_gui.py": {"executed_lines": [1, 2, 3, 5, 6, 7, 9, 10, 20, 24, 25, 26, 28, 30, 32, 33, 36, 39, 44, 45, 46, 49, 50, 51, 52, 56, 57, 58, 59, 61, 62, 64, 65, 66, 67, 117, 129, 130, 131, 133, 134, 135, 136, 137, 139, 141, 144, 145, 146, 147, 163, 164, 165, 166, 167, 169, 171, 172, 173, 174, 176, 177, 178, 179, 181, 183, 184, 185, 188, 189, 190, 193, 195, 198, 199, 200, 201, 202, 203, 205, 206, 207, 208, 209, 210, 211, 212, 213, 214, 217], "summary": {"covered_lines": 89, "num_statements": 140, "percent_covered": 63.57142857142857, "percent_covered_display": "64", "missing_lines": 51, "excluded_lines": 2}, "missing_lines": [11, 14, 15, 16, 18, 19, 34, 35, 63, 69, 70, 73, 76, 78, 81, 82, 84, 87, 89, 90, 92, 95, 96, 98, 101, 103, 106, 108, 111, 113, 114, 118, 119, 120, 121, 122, 125, 126, 127, 149, 150, 151, 153, 154, 155, 156, 157, 158, 160, 161, 186], "excluded_lines": [217, 218], "functions": {"set_project_root": {"executed_lines": [25, 26, 28, 30, 32, 33, 36], "summary": {"covered_lines": 7, "num_statements": 9, "percent_covered": 77.77777777777777, "percent_covered_display": "78", "missing_lines": 2, "excluded_lines": 0}, "missing_lines": [34, 35], "excluded_lines": []}, "SigmaNexGUI.__init__": {"executed_lines": [51, 52, 56, 57, 58, 59, 61, 62, 64, 65, 66, 67], "summary": {"covered_lines": 12, "num_statements": 35, "percent_covered": 34.285714285714285, "percent_covered_display": "34", "missing_lines": 23, "excluded_lines": 0}, "missing_lines": [63, 69, 70, 73, 76, 78, 81, 82, 84, 87, 89, 90, 92, 95, 96, 98, 101, 103, 106, 108, 111, 113, 114], "excluded_lines": []}, "SigmaNexGUI.show_progress": {"executed_lines": [], "summary": {"covered_lines": 0, "num_statements": 8, "percent_covered": 0.0, "percent_covered_display": "0", "missing_lines": 8, "excluded_lines": 0}, "missing_lines": [118, 119, 120, 121, 122, 125, 126, 127], "excluded_lines": []}, "SigmaNexGUI.stop_progress": {"executed_lines": [130, 131], "summary": {"covered_lines": 2, "num_statements": 2, "percent_covered": 100.0, "percent_covered_display": "100", "missing_lines": 0, "excluded_lines": 0}, "missing_lines": [], "excluded_lines": []}, "SigmaNexGUI.run_background": {"executed_lines": [134, 141], "summary": {"covered_lines": 2, "num_statements": 2, "percent_covered": 100.0, "percent_covered_display": "100", "missing_lines": 0, "excluded_lines": 0}, "missing_lines": [], "excluded_lines": []}, "SigmaNexGUI.run_background.wrapper": {"executed_lines": [135, 136, 137, 139], "summary": {"covered_lines": 4, "num_statements": 4, "percent_covered": 100.0, "percent_covered_display": "100", "missing_lines": 0, "excluded_lines": 0}, "missing_lines": [], "excluded_lines": []}, "SigmaNexGUI.process_command": {"executed_lines": [145, 146, 147], "summary": {"covered_lines": 3, "num_statements": 9, "percent_covered": 33.333333333333336, "percent_covered_display": "33", "missing_lines": 6, "excluded_lines": 0}, "missing_lines": [149, 150, 151, 153, 160, 161], "excluded_lines": []}, "SigmaNexGUI.process_command.execute": {"executed_lines": [], "summary": {"covered_lines": 0, "num_statements": 5, "percent_covered": 0.0, "percent_covered_display": "0", "missing_lines": 5, "excluded_lines": 0}, "missing_lines": [154, 155, 156, 157, 158], "excluded_lines": []}, "SigmaNexGUI.run_selfcheck": {"executed_lines": [164, 169], "summary": {"covered_lines": 2, "num_statements": 2, "percent_covered": 100.0, "percent_covered_display": "100", "missing_lines": 0, "excluded_lines": 0}, "missing_lines": [], "excluded_lines": []}, "SigmaNexGUI.run_selfcheck.check": {"executed_lines": [165, 166, 167], "summary": {"covered_lines": 3, "num_statements": 3, "percent_covered": 100.0, "percent_covered_display": "100", "missing_lines": 0, "excluded_lines": 0}, "missing_lines": [], "excluded_lines": []}, "SigmaNexGUI.run_selfheal": {"executed_lines": [172, 173, 174, 176, 181], "summary": {"covered_lines": 5, "num_statements": 5, "percent_covered": 100.0, "percent_covered_display": "100", "missing_lines": 0, "excluded_lines": 0}, "missing_lines": [], "excluded_lines": []}, "SigmaNexGUI.run_selfheal.heal": {"executed_lines": [177, 178, 179], "summary": {"covered_lines": 3, "num_statements": 3, "percent_covered": 100.0, "percent_covered_display": "100", "missing_lines": 0, "excluded_lines": 0}, "missing_lines": [], "excluded_lines": []}, "SigmaNexGUI.run_load_framework": {"executed_lines": [184, 185, 188, 195], "summary": {"covered_lines": 4, "num_statements": 5, "percent_covered": 80.0, "percent_covered_display": "80", "missing_lines": 1, "excluded_lines": 0}, "missing_lines": [186], "excluded_lines": []}, "SigmaNexGUI.run_load_framework.load": {"executed_lines": [189, 190, 193], "summary": {"covered_lines": 3, "num_statements": 3, "percent_covered": 100.0, "percent_covered_display": "100", "missing_lines": 0, "excluded_lines": 0}, "missing_lines": [], "excluded_lines": []}, "main": {"executed_lines": [199, 200, 201, 202, 203, 205, 206, 207, 208, 209, 210, 211, 212, 213, 214], "summary": {"covered_lines": 15, "num_statements": 15, "percent_covered": 100.0, "percent_covered_display": "100", "missing_lines": 0, "excluded_lines": 0}, "missing_lines": [], "excluded_lines": []}, "": {"executed_lines": [1, 2, 3, 5, 6, 7, 9, 10, 20, 24, 39, 44, 45, 46, 49, 50, 117, 129, 133, 144, 163, 171, 183, 198, 217], "summary": {"covered_lines": 24, "num_statements": 30, "percent_covered": 80.0, "percent_covered_display": "80", "missing_lines": 6, "excluded_lines": 2}, "missing_lines": [11, 14, 15, 16, 18, 19], "excluded_lines": [217, 218]}}, "classes": {"SigmaNexGUI": {"executed_lines": [51, 52, 56, 57, 58, 59, 61, 62, 64, 65, 66, 67, 130, 131, 134, 135, 136, 137, 139, 141, 145, 146, 147, 164, 165, 166, 167, 169, 172, 173, 174, 176, 177, 178, 179, 181, 184, 185, 188, 189, 190, 193, 195], "summary": {"covered_lines": 43, "num_statements": 86, "percent_covered": 50.0, "percent_covered_display": "50", "missing_lines": 43, "excluded_lines": 0}, "missing_lines": [63, 69, 70, 73, 76, 78, 81, 82, 84, 87, 89, 90, 92, 95, 96, 98, 101, 103, 106, 108, 111, 113, 114, 118, 119, 120, 121, 122, 125, 126, 127, 149, 150, 151, 153, 154, 155, 156, 157, 158, 160, 161, 186], "excluded_lines": []}, "": {"executed_lines": [1, 2, 3, 5, 6, 7, 9, 10, 20, 24, 25, 26, 28, 30, 32, 33, 36, 39, 44, 45, 46, 49, 50, 117, 129, 133, 144, 163, 171, 183, 198, 199, 200, 201, 202, 203, 205, 206, 207, 208, 209, 210, 211, 212, 213, 214, 217], "summary": {"covered_lines": 46, "num_statements": 54, "percent_covered": 85.18518518518519, "percent_covered_display": "85", "missing_lines": 8, "excluded_lines": 2}, "missing_lines": [11, 14, 15, 16, 18, 19, 34, 35], "excluded_lines": [217, 218]}}}, "sigma_nex\\server.py": {"executed_lines": [1, 7, 8, 9, 10, 11, 12, 13, 14, 16, 17, 18, 19, 20, 21, 23, 44, 45, 46, 54, 55, 57, 62, 63, 66, 67, 69, 72, 75, 76, 77, 82, 83, 85, 86, 87, 90, 91, 93, 94, 95, 96, 99, 100, 104, 105, 106, 112, 114, 115, 118, 120, 121, 131, 132, 133, 135, 136, 139, 140, 143, 154, 155, 158, 166, 175, 176, 177, 178, 181, 183, 185, 186, 189, 190, 192, 194, 195, 198, 199, 200, 201, 203, 205, 208, 213, 214, 215, 219, 224, 226, 228, 230, 231, 232, 234, 235, 236, 242, 244, 281, 283, 285, 286, 288, 289, 291, 293, 295, 296, 299, 300, 301, 305, 311, 313, 314, 315, 318, 319, 324, 326, 327, 329, 331, 332, 334, 336, 337, 340, 347, 348, 353, 354, 357, 360, 362, 363, 364, 365, 368, 369, 370, 372, 381, 384, 385, 387, 388, 395, 396, 398, 399, 401, 403, 404, 407, 421, 424, 426, 429, 448, 451, 454, 468, 474, 476, 477, 482, 483, 485, 486, 506, 507, 509, 511, 513, 516, 517, 518, 520, 524, 536, 564], "summary": {"covered_lines": 178, "num_statements": 258, "percent_covered": 68.9922480620155, "percent_covered_display": "69", "missing_lines": 80, "excluded_lines": 2}, "missing_lines": [24, 25, 28, 29, 31, 32, 33, 35, 36, 38, 39, 40, 41, 58, 59, 216, 217, 220, 221, 222, 238, 239, 240, 302, 303, 321, 322, 358, 374, 375, 376, 377, 378, 379, 408, 418, 430, 436, 438, 439, 440, 442, 443, 444, 445, 475, 478, 479, 480, 488, 489, 490, 493, 494, 501, 502, 503, 504, 521, 522, 528, 529, 530, 532, 533, 538, 540, 541, 542, 543, 544, 548, 550, 551, 552, 557, 558, 559, 560, 561], "excluded_lines": [564, 565], "functions": {"SigmaServer.__init__": {"executed_lines": [105, 106, 112, 114, 115, 118, 120, 121, 131, 132, 133, 135, 136, 139, 140, 143, 154, 155, 158, 166, 175, 176, 177, 178, 181], "summary": {"covered_lines": 25, "num_statements": 25, "percent_covered": 100.0, "percent_covered_display": "100", "missing_lines": 0, "excluded_lines": 0}, "missing_lines": [], "excluded_lines": []}, "SigmaServer._init_logging": {"executed_lines": [185, 186, 189, 190], "summary": {"covered_lines": 4, "num_statements": 4, "percent_covered": 100.0, "percent_covered_display": "100", "missing_lines": 0, "excluded_lines": 0}, "missing_lines": [], "excluded_lines": []}, "SigmaServer._init_blocklist": {"executed_lines": [194, 195, 198, 199, 200, 201], "summary": {"covered_lines": 6, "num_statements": 6, "percent_covered": 100.0, "percent_covered_display": "100", "missing_lines": 0, "excluded_lines": 0}, "missing_lines": [], "excluded_lines": []}, "SigmaServer._get_blocklist": {"executed_lines": [205, 208, 213, 214, 215, 219, 224, 226], "summary": {"covered_lines": 8, "num_statements": 13, "percent_covered": 61.53846153846154, "percent_covered_display": "62", "missing_lines": 5, "excluded_lines": 0}, "missing_lines": [216, 217, 220, 221, 222], "excluded_lines": []}, "SigmaServer._init_translation": {"executed_lines": [230, 231, 232, 234, 235, 236], "summary": {"covered_lines": 6, "num_statements": 9, "percent_covered": 66.66666666666667, "percent_covered_display": "67", "missing_lines": 3, "excluded_lines": 0}, "missing_lines": [238, 239, 240], "excluded_lines": []}, "SigmaServer._init_medical_keywords": {"executed_lines": [244], "summary": {"covered_lines": 1, "num_statements": 1, "percent_covered": 100.0, "percent_covered_display": "100", "missing_lines": 0, "excluded_lines": 0}, "missing_lines": [], "excluded_lines": []}, "SigmaServer._is_blocked": {"executed_lines": [283, 285, 286, 288, 289, 291], "summary": {"covered_lines": 6, "num_statements": 6, "percent_covered": 100.0, "percent_covered_display": "100", "missing_lines": 0, "excluded_lines": 0}, "missing_lines": [], "excluded_lines": []}, "SigmaServer._get_client_info": {"executed_lines": [295, 296, 299, 300, 301, 305], "summary": {"covered_lines": 6, "num_statements": 8, "percent_covered": 75.0, "percent_covered_display": "75", "missing_lines": 2, "excluded_lines": 0}, "missing_lines": [302, 303], "excluded_lines": []}, "SigmaServer._log_request": {"executed_lines": [313, 314, 315, 318, 319], "summary": {"covered_lines": 5, "num_statements": 7, "percent_covered": 71.42857142857143, "percent_covered_display": "71", "missing_lines": 2, "excluded_lines": 0}, "missing_lines": [321, 322], "excluded_lines": []}, "SigmaServer._write_log_sync": {"executed_lines": [326, 327], "summary": {"covered_lines": 2, "num_statements": 2, "percent_covered": 100.0, "percent_covered_display": "100", "missing_lines": 0, "excluded_lines": 0}, "missing_lines": [], "excluded_lines": []}, "SigmaServer._is_medical_query": {"executed_lines": [331, 332], "summary": {"covered_lines": 2, "num_statements": 2, "percent_covered": 100.0, "percent_covered_display": "100", "missing_lines": 0, "excluded_lines": 0}, "missing_lines": [], "excluded_lines": []}, "SigmaServer._call_ollama": {"executed_lines": [336, 337, 340, 347, 348, 353, 354, 357, 360, 362, 363, 364, 365, 368, 369, 370], "summary": {"covered_lines": 16, "num_statements": 17, "percent_covered": 94.11764705882354, "percent_covered_display": "94", "missing_lines": 1, "excluded_lines": 0}, "missing_lines": [358], "excluded_lines": []}, "SigmaServer._call_medical_model": {"executed_lines": [], "summary": {"covered_lines": 0, "num_statements": 6, "percent_covered": 0.0, "percent_covered_display": "0", "missing_lines": 6, "excluded_lines": 0}, "missing_lines": [374, 375, 376, 377, 378, 379], "excluded_lines": []}, "SigmaServer._setup_routes": {"executed_lines": [384, 385, 395, 396, 482, 483, 506, 507], "summary": {"covered_lines": 8, "num_statements": 8, "percent_covered": 100.0, "percent_covered_display": "100", "missing_lines": 0, "excluded_lines": 0}, "missing_lines": [], "excluded_lines": []}, "SigmaServer._setup_routes.health_check": {"executed_lines": [387, 388], "summary": {"covered_lines": 2, "num_statements": 2, "percent_covered": 100.0, "percent_covered_display": "100", "missing_lines": 0, "excluded_lines": 0}, "missing_lines": [], "excluded_lines": []}, "SigmaServer._setup_routes.ask_sigma": {"executed_lines": [398, 399, 401, 403, 404, 407, 421, 424, 426, 429, 448, 451, 454, 468, 474, 476, 477], "summary": {"covered_lines": 17, "num_statements": 32, "percent_covered": 53.125, "percent_covered_display": "53", "missing_lines": 15, "excluded_lines": 0}, "missing_lines": [408, 418, 430, 436, 438, 439, 440, 442, 443, 444, 445, 475, 478, 479, 480], "excluded_lines": []}, "SigmaServer._setup_routes.get_logs": {"executed_lines": [485, 486], "summary": {"covered_lines": 2, "num_statements": 11, "percent_covered": 18.181818181818183, "percent_covered_display": "18", "missing_lines": 9, "excluded_lines": 0}, "missing_lines": [488, 489, 490, 493, 494, 501, 502, 503, 504], "excluded_lines": []}, "SigmaServer._setup_routes.api_query_legacy": {"executed_lines": [509], "summary": {"covered_lines": 1, "num_statements": 1, "percent_covered": 100.0, "percent_covered_display": "100", "missing_lines": 0, "excluded_lines": 0}, "missing_lines": [], "excluded_lines": []}, "SigmaServer.startup": {"executed_lines": [513, 516, 517, 518, 520], "summary": {"covered_lines": 5, "num_statements": 7, "percent_covered": 71.42857142857143, "percent_covered_display": "71", "missing_lines": 2, "excluded_lines": 0}, "missing_lines": [521, 522], "excluded_lines": []}, "SigmaServer.run": {"executed_lines": [], "summary": {"covered_lines": 0, "num_statements": 4, "percent_covered": 0.0, "percent_covered_display": "0", "missing_lines": 4, "excluded_lines": 0}, "missing_lines": [528, 529, 532, 533], "excluded_lines": []}, "SigmaServer.run.startup_event": {"executed_lines": [], "summary": {"covered_lines": 0, "num_statements": 1, "percent_covered": 0.0, "percent_covered_display": "0", "missing_lines": 1, "excluded_lines": 0}, "missing_lines": [530], "excluded_lines": []}, "main": {"executed_lines": [], "summary": {"covered_lines": 0, "num_statements": 15, "percent_covered": 0.0, "percent_covered_display": "0", "missing_lines": 15, "excluded_lines": 0}, "missing_lines": [538, 540, 541, 542, 543, 544, 548, 550, 551, 552, 557, 558, 559, 560, 561], "excluded_lines": []}, "": {"executed_lines": [1, 7, 8, 9, 10, 11, 12, 13, 14, 16, 17, 18, 19, 20, 21, 23, 44, 45, 46, 54, 55, 57, 62, 63, 66, 67, 69, 72, 75, 76, 77, 82, 83, 85, 86, 87, 90, 91, 93, 94, 95, 96, 99, 100, 104, 183, 192, 203, 228, 242, 281, 293, 311, 324, 329, 334, 372, 381, 511, 524, 536, 564], "summary": {"covered_lines": 56, "num_statements": 71, "percent_covered": 78.87323943661971, "percent_covered_display": "79", "missing_lines": 15, "excluded_lines": 2}, "missing_lines": [24, 25, 28, 29, 31, 32, 33, 35, 36, 38, 39, 40, 41, 58, 59], "excluded_lines": [564, 565]}}, "classes": {"SigmaRequest": {"executed_lines": [], "summary": {"covered_lines": 0, "num_statements": 0, "percent_covered": 100.0, "percent_covered_display": "100", "missing_lines": 0, "excluded_lines": 0}, "missing_lines": [], "excluded_lines": []}, "SigmaResponse": {"executed_lines": [], "summary": {"covered_lines": 0, "num_statements": 0, "percent_covered": 100.0, "percent_covered_display": "100", "missing_lines": 0, "excluded_lines": 0}, "missing_lines": [], "excluded_lines": []}, "HealthResponse": {"executed_lines": [], "summary": {"covered_lines": 0, "num_statements": 0, "percent_covered": 100.0, "percent_covered_display": "100", "missing_lines": 0, "excluded_lines": 0}, "missing_lines": [], "excluded_lines": []}, "SigmaServer": {"executed_lines": [105, 106, 112, 114, 115, 118, 120, 121, 131, 132, 133, 135, 136, 139, 140, 143, 154, 155, 158, 166, 175, 176, 177, 178, 181, 185, 186, 189, 190, 194, 195, 198, 199, 200, 201, 205, 208, 213, 214, 215, 219, 224, 226, 230, 231, 232, 234, 235, 236, 244, 283, 285, 286, 288, 289, 291, 295, 296, 299, 300, 301, 305, 313, 314, 315, 318, 319, 326, 327, 331, 332, 336, 337, 340, 347, 348, 353, 354, 357, 360, 362, 363, 364, 365, 368, 369, 370, 384, 385, 387, 388, 395, 396, 398, 399, 401, 403, 404, 407, 421, 424, 426, 429, 448, 451, 454, 468, 474, 476, 477, 482, 483, 485, 486, 506, 507, 509, 513, 516, 517, 518, 520], "summary": {"covered_lines": 122, "num_statements": 172, "percent_covered": 70.93023255813954, "percent_covered_display": "71", "missing_lines": 50, "excluded_lines": 0}, "missing_lines": [216, 217, 220, 221, 222, 238, 239, 240, 302, 303, 321, 322, 358, 374, 375, 376, 377, 378, 379, 408, 418, 430, 436, 438, 439, 440, 442, 443, 444, 445, 475, 478, 479, 480, 488, 489, 490, 493, 494, 501, 502, 503, 504, 521, 522, 528, 529, 530, 532, 533], "excluded_lines": []}, "": {"executed_lines": [1, 7, 8, 9, 10, 11, 12, 13, 14, 16, 17, 18, 19, 20, 21, 23, 44, 45, 46, 54, 55, 57, 62, 63, 66, 67, 69, 72, 75, 76, 77, 82, 83, 85, 86, 87, 90, 91, 93, 94, 95, 96, 99, 100, 104, 183, 192, 203, 228, 242, 281, 293, 311, 324, 329, 334, 372, 381, 511, 524, 536, 564], "summary": {"covered_lines": 56, "num_statements": 86, "percent_covered": 65.11627906976744, "percent_covered_display": "65", "missing_lines": 30, "excluded_lines": 2}, "missing_lines": [24, 25, 28, 29, 31, 32, 33, 35, 36, 38, 39, 40, 41, 58, 59, 538, 540, 541, 542, 543, 544, 548, 550, 551, 552, 557, 558, 559, 560, 561], "excluded_lines": [564, 565]}}}, "sigma_nex\\utils\\__init__.py": {"executed_lines": [0], "summary": {"covered_lines": 0, "num_statements": 0, "percent_covered": 100.0, "percent_covered_display": "100", "missing_lines": 0, "excluded_lines": 0}, "missing_lines": [], "excluded_lines": [], "functions": {"": {"executed_lines": [], "summary": {"covered_lines": 0, "num_statements": 0, "percent_covered": 100.0, "percent_covered_display": "100", "missing_lines": 0, "excluded_lines": 0}, "missing_lines": [], "excluded_lines": []}}, "classes": {"": {"executed_lines": [], "summary": {"covered_lines": 0, "num_statements": 0, "percent_covered": 100.0, "percent_covered_display": "100", "missing_lines": 0, "excluded_lines": 0}, "missing_lines": [], "excluded_lines": []}}}, "sigma_nex\\utils\\security.py": {"executed_lines": [1, 2, 4, 7, 8, 9, 12, 13, 14, 17, 18, 19], "summary": {"covered_lines": 12, "num_statements": 12, "percent_covered": 100.0, "percent_covered_display": "100", "missing_lines": 0, "excluded_lines": 0}, "missing_lines": [], "excluded_lines": [], "functions": {"derive_key": {"executed_lines": [8, 9], "summary": {"covered_lines": 2, "num_statements": 2, "percent_covered": 100.0, "percent_covered_display": "100", "missing_lines": 0, "excluded_lines": 0}, "missing_lines": [], "excluded_lines": []}, "encrypt": {"executed_lines": [13, 14], "summary": {"covered_lines": 2, "num_statements": 2, "percent_covered": 100.0, "percent_covered_display": "100", "missing_lines": 0, "excluded_lines": 0}, "missing_lines": [], "excluded_lines": []}, "decrypt": {"executed_lines": [18, 19], "summary": {"covered_lines": 2, "num_statements": 2, "percent_covered": 100.0, "percent_covered_display": "100", "missing_lines": 0, "excluded_lines": 0}, "missing_lines": [], "excluded_lines": []}, "": {"executed_lines": [1, 2, 4, 7, 12, 17], "summary": {"covered_lines": 6, "num_statements": 6, "percent_covered": 100.0, "percent_covered_display": "100", "missing_lines": 0, "excluded_lines": 0}, "missing_lines": [], "excluded_lines": []}}, "classes": {"": {"executed_lines": [1, 2, 4, 7, 8, 9, 12, 13, 14, 17, 18, 19], "summary": {"covered_lines": 12, "num_statements": 12, "percent_covered": 100.0, "percent_covered_display": "100", "missing_lines": 0, "excluded_lines": 0}, "missing_lines": [], "excluded_lines": []}}}, "sigma_nex\\utils\\validation.py": {"executed_lines": [1, 7, 8, 9, 10, 13, 14, 17, 31, 32, 34, 35, 38, 39, 42, 45, 48, 49, 50, 53, 54, 57, 61, 64, 66, 69, 88, 89, 91, 94, 95, 98, 101, 104, 106, 107, 110, 120, 121, 122, 123, 126, 127, 128, 129, 130, 131, 134, 135, 138, 139, 142, 143, 144, 148, 151, 164, 165, 167, 168, 170, 171, 172, 173, 175, 176, 177, 178, 179, 182, 195, 196, 199, 201, 205, 206, 208, 209, 211, 214, 227, 228, 230, 231, 234, 235, 238, 240, 243, 253, 254, 257, 271, 272, 273, 274, 276, 279, 289, 290, 292, 293, 294, 303, 305, 308, 309, 312, 314, 316, 317, 319, 321, 322, 324, 325, 329], "summary": {"covered_lines": 115, "num_statements": 116, "percent_covered": 99.13793103448276, "percent_covered_display": "99", "missing_lines": 1, "excluded_lines": 0}, "missing_lines": [202], "excluded_lines": [], "functions": {"sanitize_text_input": {"executed_lines": [31, 32, 34, 35, 38, 39, 42, 45, 48, 49, 50, 53, 54, 57, 61, 64, 66], "summary": {"covered_lines": 17, "num_statements": 17, "percent_covered": 100.0, "percent_covered_display": "100", "missing_lines": 0, "excluded_lines": 0}, "missing_lines": [], "excluded_lines": []}, "validate_file_path": {"executed_lines": [88, 89, 91, 94, 95, 98, 101, 104, 106, 107, 110, 120, 121, 122, 123, 126, 127, 128, 129, 130, 131, 134, 135, 138, 139, 142, 143, 144, 148], "summary": {"covered_lines": 29, "num_statements": 29, "percent_covered": 100.0, "percent_covered_display": "100", "missing_lines": 0, "excluded_lines": 0}, "missing_lines": [], "excluded_lines": []}, "validate_user_id": {"executed_lines": [164, 165, 167, 168, 170, 171, 172, 173, 175, 176, 177, 178, 179], "summary": {"covered_lines": 13, "num_statements": 13, "percent_covered": 100.0, "percent_covered_display": "100", "missing_lines": 0, "excluded_lines": 0}, "missing_lines": [], "excluded_lines": []}, "validate_model_name": {"executed_lines": [195, 196, 199, 201, 205, 206, 208, 209, 211], "summary": {"covered_lines": 9, "num_statements": 10, "percent_covered": 90.0, "percent_covered_display": "90", "missing_lines": 1, "excluded_lines": 0}, "missing_lines": [202], "excluded_lines": []}, "validate_prompt": {"executed_lines": [227, 228, 230, 231, 234, 235, 238, 240], "summary": {"covered_lines": 8, "num_statements": 8, "percent_covered": 100.0, "percent_covered_display": "100", "missing_lines": 0, "excluded_lines": 0}, "missing_lines": [], "excluded_lines": []}, "is_safe_command": {"executed_lines": [253, 254, 257, 271, 272, 273, 274, 276], "summary": {"covered_lines": 8, "num_statements": 8, "percent_covered": 100.0, "percent_covered_display": "100", "missing_lines": 0, "excluded_lines": 0}, "missing_lines": [], "excluded_lines": []}, "sanitize_log_data": {"executed_lines": [289, 290, 292, 293, 294, 303, 305, 308, 309, 312, 314, 316, 317, 319, 321, 322, 324, 325, 329], "summary": {"covered_lines": 19, "num_statements": 19, "percent_covered": 100.0, "percent_covered_display": "100", "missing_lines": 0, "excluded_lines": 0}, "missing_lines": [], "excluded_lines": []}, "": {"executed_lines": [1, 7, 8, 9, 10, 13, 14, 17, 69, 151, 182, 214, 243, 279], "summary": {"covered_lines": 12, "num_statements": 12, "percent_covered": 100.0, "percent_covered_display": "100", "missing_lines": 0, "excluded_lines": 0}, "missing_lines": [], "excluded_lines": []}}, "classes": {"ValidationError": {"executed_lines": [], "summary": {"covered_lines": 0, "num_statements": 0, "percent_covered": 100.0, "percent_covered_display": "100", "missing_lines": 0, "excluded_lines": 0}, "missing_lines": [], "excluded_lines": []}, "": {"executed_lines": [1, 7, 8, 9, 10, 13, 14, 17, 31, 32, 34, 35, 38, 39, 42, 45, 48, 49, 50, 53, 54, 57, 61, 64, 66, 69, 88, 89, 91, 94, 95, 98, 101, 104, 106, 107, 110, 120, 121, 122, 123, 126, 127, 128, 129, 130, 131, 134, 135, 138, 139, 142, 143, 144, 148, 151, 164, 165, 167, 168, 170, 171, 172, 173, 175, 176, 177, 178, 179, 182, 195, 196, 199, 201, 205, 206, 208, 209, 211, 214, 227, 228, 230, 231, 234, 235, 238, 240, 243, 253, 254, 257, 271, 272, 273, 274, 276, 279, 289, 290, 292, 293, 294, 303, 305, 308, 309, 312, 314, 316, 317, 319, 321, 322, 324, 325, 329], "summary": {"covered_lines": 115, "num_statements": 116, "percent_covered": 99.13793103448276, "percent_covered_display": "99", "missing_lines": 1, "excluded_lines": 0}, "missing_lines": [202], "excluded_lines": []}}}}, "totals": {"covered_lines": 1071, "num_statements": 1388, "percent_covered": 77.16138328530259, "percent_covered_display": "77", "missing_lines": 317, "excluded_lines": 14}}